<?xml version="1.0" encoding="UTF-8"?>
<TestRun id="adfc0b33-38bb-4d13-b64b-2b7d2acac615" name="kulileg@KULILEG-HP 2014-05-13 18:28:12" runUser="kulileg-HP\kulileg" xmlns="http://microsoft.com/schemas/VisualStudio/TeamTest/2010">
  <TestSettings name="Local" id="904f3a5e-93ca-4206-b334-d95ff72784bf">
    <Description>These are default test settings for a local test run.</Description>
    <Deployment enabled="false" runDeploymentRoot="kulileg_KULILEG-HP 2014-05-13 18_28_12">
      <DeploymentItem filename="C:\Users\kulileg\Desktop\EOH_App\EOH_DataAccess\bin\Debug\EOH_DataAccess.dll" />
    </Deployment>
    <Execution>
      <TestTypeSpecific />
      <AgentRule name="Execution Agents">
      </AgentRule>
    </Execution>
  </TestSettings>
  <Times creation="2014-05-13T18:28:12.5211816+02:00" queuing="2014-05-13T18:28:16.0443831+02:00" start="2014-05-13T18:28:16.3353998+02:00" finish="2014-05-13T18:28:48.1082171+02:00" />
  <ResultSummary outcome="Error">
    <Counters total="1" executed="1" error="0" failed="0" timeout="0" aborted="1" inconclusive="0" passedButRunAborted="0" notRunnable="0" notExecuted="0" disconnected="0" warning="0" passed="0" completed="0" inProgress="0" pending="0" />
    <RunInfos>
      <RunInfo computerName="KULILEG-HP" outcome="Error" timestamp="2014-05-13T18:28:48.1022167+02:00">
        <Text>Test host process exited unexpectedly.</Text>
      </RunInfo>
    </RunInfos>
  </ResultSummary>
  <TestDefinitions>
    <UnitTest name="GetPerson" storage="c:\users\kulileg\desktop\eoh_app\eoh_da_test\bin\debug\eoh_da_test.dll" id="cf2aa361-2810-1ae9-0e3c-a868dfdbbd56">
      <Execution id="767e4c7a-0c0e-4435-8549-8130a7e5f5ef" />
      <TestMethod codeBase="C:/Users/kulileg/Desktop/EOH_App/EOH_DA_Test/bin/Debug/EOH_DA_Test.DLL" adapterTypeName="Microsoft.VisualStudio.TestTools.TestTypes.Unit.UnitTestAdapter, Microsoft.VisualStudio.QualityTools.Tips.UnitTest.Adapter, Version=10.0.0.0, Culture=neutral, PublicKeyToken=b03f5f7f11d50a3a" className="EOH_DA_Test.CrudTest, EOH_DA_Test, Version=1.0.0.0, Culture=neutral, PublicKeyToken=null" name="GetPerson" />
    </UnitTest>
  </TestDefinitions>
  <TestLists>
    <TestList name="Results Not in a List" id="8c84fa94-04c1-424b-9868-57a2d4851a1d" />
    <TestList name="All Loaded Results" id="19431567-8539-422a-85d7-44ee4e166bda" />
  </TestLists>
  <TestEntries>
    <TestEntry testId="cf2aa361-2810-1ae9-0e3c-a868dfdbbd56" executionId="767e4c7a-0c0e-4435-8549-8130a7e5f5ef" testListId="8c84fa94-04c1-424b-9868-57a2d4851a1d" />
  </TestEntries>
  <Results>
    <UnitTestResult executionId="767e4c7a-0c0e-4435-8549-8130a7e5f5ef" testId="cf2aa361-2810-1ae9-0e3c-a868dfdbbd56" testName="GetPerson" computerName="KULILEG-HP" duration="00:00:31.5338036" startTime="2014-05-13T18:28:16.5734134+02:00" endTime="2014-05-13T18:28:48.1072170+02:00" testType="13cdc9d9-ddb5-4fa4-a97d-d965ccfc6d4b" outcome="Aborted" testListId="8c84fa94-04c1-424b-9868-57a2d4851a1d" relativeResultsDirectory="767e4c7a-0c0e-4435-8549-8130a7e5f5ef">
    </UnitTestResult>
  </Results>
</TestRun>