<?xml version="1.0" encoding="UTF-8"?>
<TestRun id="94893969-15a6-4197-9832-86da2ee50443" name="kulileg@KULILEG-HP 2014-05-13 19:02:46" runUser="kulileg-HP\kulileg" xmlns="http://microsoft.com/schemas/VisualStudio/TeamTest/2010">
  <TestSettings name="Local" id="904f3a5e-93ca-4206-b334-d95ff72784bf">
    <Description>These are default test settings for a local test run.</Description>
    <Deployment enabled="false" runDeploymentRoot="kulileg_KULILEG-HP 2014-05-13 19_02_46">
      <DeploymentItem filename="C:\Users\kulileg\Desktop\EOH_App\EOH_DataAccess\bin\Debug\EOH_DataAccess.dll" />
    </Deployment>
    <Execution>
      <TestTypeSpecific />
      <AgentRule name="Execution Agents">
      </AgentRule>
    </Execution>
  </TestSettings>
  <Times creation="2014-05-13T19:02:46.3017951+02:00" queuing="2014-05-13T19:02:49.4799769+02:00" start="2014-05-13T19:02:49.6279853+02:00" finish="2014-05-13T19:02:59.3875436+02:00" />
  <ResultSummary outcome="Completed">
    <Counters total="1" executed="1" passed="1" error="0" failed="0" timeout="0" aborted="0" inconclusive="0" passedButRunAborted="0" notRunnable="0" notExecuted="0" disconnected="0" warning="0" completed="0" inProgress="0" pending="0" />
  </ResultSummary>
  <TestDefinitions>
    <UnitTest name="GetPerson2" storage="c:\users\kulileg\desktop\eoh_app\eoh_da_test\bin\debug\eoh_da_test.dll" id="beae72f0-386f-1054-fe6f-6704bfa86880">
      <Execution id="e7206607-1868-493c-9fc8-e57b31cf10af" />
      <TestMethod codeBase="C:/Users/kulileg/Desktop/EOH_App/EOH_DA_Test/bin/Debug/EOH_DA_Test.DLL" adapterTypeName="Microsoft.VisualStudio.TestTools.TestTypes.Unit.UnitTestAdapter, Microsoft.VisualStudio.QualityTools.Tips.UnitTest.Adapter, Version=10.0.0.0, Culture=neutral, PublicKeyToken=b03f5f7f11d50a3a" className="EOH_DA_Test.CrudTest, EOH_DA_Test, Version=1.0.0.0, Culture=neutral, PublicKeyToken=null" name="GetPerson2" />
    </UnitTest>
  </TestDefinitions>
  <TestLists>
    <TestList name="Results Not in a List" id="8c84fa94-04c1-424b-9868-57a2d4851a1d" />
    <TestList name="All Loaded Results" id="19431567-8539-422a-85d7-44ee4e166bda" />
  </TestLists>
  <TestEntries>
    <TestEntry testId="beae72f0-386f-1054-fe6f-6704bfa86880" executionId="e7206607-1868-493c-9fc8-e57b31cf10af" testListId="8c84fa94-04c1-424b-9868-57a2d4851a1d" />
  </TestEntries>
  <Results>
    <UnitTestResult executionId="e7206607-1868-493c-9fc8-e57b31cf10af" testId="beae72f0-386f-1054-fe6f-6704bfa86880" testName="GetPerson2" computerName="KULILEG-HP" duration="00:00:03.2304278" startTime="2014-05-13T19:02:49.8169961+02:00" endTime="2014-05-13T19:02:56.8964011+02:00" testType="13cdc9d9-ddb5-4fa4-a97d-d965ccfc6d4b" outcome="Passed" testListId="8c84fa94-04c1-424b-9868-57a2d4851a1d" relativeResultsDirectory="e7206607-1868-493c-9fc8-e57b31cf10af">
    </UnitTestResult>
  </Results>
</TestRun>