<?xml version="1.0" encoding="UTF-8"?>
<TestRun id="acfa6328-be5b-4c9c-a685-5e27ef5fd27c" name="kulileg@KULILEG-HP 2014-05-13 17:45:30" runUser="kulileg-HP\kulileg" xmlns="http://microsoft.com/schemas/VisualStudio/TeamTest/2010">
  <TestSettings name="Local" id="904f3a5e-93ca-4206-b334-d95ff72784bf">
    <Description>These are default test settings for a local test run.</Description>
    <Deployment enabled="false" runDeploymentRoot="kulileg_KULILEG-HP 2014-05-13 17_45_30">
      <DeploymentItem filename="C:\Users\kulileg\Desktop\EOH_App\EOH_DataAccess\bin\Debug\EOH_DataAccess.dll" />
    </Deployment>
    <Execution>
      <TestTypeSpecific />
      <AgentRule name="Execution Agents">
      </AgentRule>
    </Execution>
  </TestSettings>
  <Times creation="2014-05-13T17:45:30.9306670+02:00" queuing="2014-05-13T17:45:39.7311704+02:00" start="2014-05-13T17:45:40.2822019+02:00" finish="2014-05-13T17:45:43.0953628+02:00" />
  <ResultSummary outcome="Failed">
    <Counters total="1" executed="1" error="0" failed="1" timeout="0" aborted="0" inconclusive="0" passedButRunAborted="0" notRunnable="0" notExecuted="0" disconnected="0" warning="0" passed="0" completed="0" inProgress="0" pending="0" />
  </ResultSummary>
  <TestDefinitions>
    <UnitTest name="GetPerson" storage="c:\users\kulileg\desktop\eoh_app\eoh_da_test\bin\debug\eoh_da_test.dll" id="cf2aa361-2810-1ae9-0e3c-a868dfdbbd56">
      <Execution id="f3aca3ac-1dc6-47fa-994b-c9cd6dc96ff1" />
      <TestMethod codeBase="C:/Users/kulileg/Desktop/EOH_App/EOH_DA_Test/bin/Debug/EOH_DA_Test.DLL" adapterTypeName="Microsoft.VisualStudio.TestTools.TestTypes.Unit.UnitTestAdapter, Microsoft.VisualStudio.QualityTools.Tips.UnitTest.Adapter, Version=10.0.0.0, Culture=neutral, PublicKeyToken=b03f5f7f11d50a3a" className="EOH_DA_Test.CrudTest, EOH_DA_Test, Version=1.0.0.0, Culture=neutral, PublicKeyToken=null" name="GetPerson" />
    </UnitTest>
  </TestDefinitions>
  <TestLists>
    <TestList name="Results Not in a List" id="8c84fa94-04c1-424b-9868-57a2d4851a1d" />
    <TestList name="All Loaded Results" id="19431567-8539-422a-85d7-44ee4e166bda" />
  </TestLists>
  <TestEntries>
    <TestEntry testId="cf2aa361-2810-1ae9-0e3c-a868dfdbbd56" executionId="f3aca3ac-1dc6-47fa-994b-c9cd6dc96ff1" testListId="8c84fa94-04c1-424b-9868-57a2d4851a1d" />
  </TestEntries>
  <Results>
    <UnitTestResult executionId="f3aca3ac-1dc6-47fa-994b-c9cd6dc96ff1" testId="cf2aa361-2810-1ae9-0e3c-a868dfdbbd56" testName="GetPerson" computerName="KULILEG-HP" duration="00:00:00.9418211" startTime="2014-05-13T17:45:40.6532231+02:00" endTime="2014-05-13T17:45:42.8523489+02:00" testType="13cdc9d9-ddb5-4fa4-a97d-d965ccfc6d4b" outcome="Failed" testListId="8c84fa94-04c1-424b-9868-57a2d4851a1d" relativeResultsDirectory="f3aca3ac-1dc6-47fa-994b-c9cd6dc96ff1">
      <Output>
        <ErrorInfo>
          <Message>Test method EOH_DA_Test.CrudTest.GetPerson threw exception: 
System.ArgumentException: The specified named connection is either not found in the configuration, not intended to be used with the EntityClient provider, or not valid.</Message>
          <StackTrace>    at System.Data.EntityClient.EntityConnection.ChangeConnectionString(String newConnectionString)
   at System.Data.EntityClient.EntityConnection..ctor(String connectionString)
   at System.Data.Objects.ObjectContext.CreateEntityConnection(String connectionString)
   at System.Data.Objects.ObjectContext..ctor(String connectionString, String defaultContainerName)
   at EOH_DataAccess.EOH_DBEntities..ctor() in C:\Users\kulileg\Desktop\EOH_App\EOH_DataAccess\EOH_Model.Designer.cs:line 40
   at EOH_DataAccess.DataAccess..ctor() in C:\Users\kulileg\Desktop\EOH_App\EOH_DataAccess\DataAccess.cs:line 14
   at EOH_DA_Test.CrudTest.GetPerson() in C:\Users\kulileg\Desktop\EOH_App\EOH_DA_Test\CrudTest.cs:line 15
</StackTrace>
        </ErrorInfo>
      </Output>
    </UnitTestResult>
  </Results>
</TestRun>